<testsuites id="" name="" tests="21" failures="21" skipped="0" errors="0" time="92.45792">
<testsuite name="dashboard.spec.ts" timestamp="2025-02-17T07:51:08.411Z" hostname="chromium" tests="7" failures="7" skipped="0" time="64.549" errors="0">
<testcase name="ダッシュボードE2Eテスト › ダッシュボード基本機能テスト" classname="dashboard.spec.ts" time="9.552">
<failure message="dashboard.spec.ts:15:7 ダッシュボード基本機能テスト" type="FAILURE">
<![CDATA[  [chromium] › dashboard.spec.ts:15:7 › ダッシュボードE2Eテスト › ダッシュボード基本機能テスト ─────────────────────────────

    Error: page.goto: net::ERR_CONNECTION_REFUSED at http://localhost:3000/login
    Call log:
      - navigating to "http://localhost:3000/login", waiting until "load"


      4 |   test.beforeEach(async ({ page }) => {
      5 |     // ログインプロセス
    > 6 |     await page.goto('http://localhost:3000/login');
        |                ^
      7 |     await page.fill('input[name="username"]', 'testuser');
      8 |     await page.fill('input[name="password"]', 'validpassword');
      9 |     await page.click('button[type="submit"]');
        at E:\IT運用システム\03_実装\it-ops-system\e2e\dashboard.spec.ts:6:16

    attachment #1: screenshot (image/png) ──────────────────────────────────────────────────────────
    test-results\dashboard-ダッシュボードE2Eテスト-ダッシュボード基本機能テスト-chromium\test-failed-1.png
    ────────────────────────────────────────────────────────────────────────────────────────────────

    attachment #2: video (video/webm) ──────────────────────────────────────────────────────────────
    test-results\dashboard-ダッシュボードE2Eテスト-ダッシュボード基本機能テスト-chromium\video.webm
    ────────────────────────────────────────────────────────────────────────────────────────────────

    Retry #1 ───────────────────────────────────────────────────────────────────────────────────────

    Error: page.goto: net::ERR_CONNECTION_REFUSED at http://localhost:3000/login
    Call log:
      - navigating to "http://localhost:3000/login", waiting until "load"


      4 |   test.beforeEach(async ({ page }) => {
      5 |     // ログインプロセス
    > 6 |     await page.goto('http://localhost:3000/login');
        |                ^
      7 |     await page.fill('input[name="username"]', 'testuser');
      8 |     await page.fill('input[name="password"]', 'validpassword');
      9 |     await page.click('button[type="submit"]');
        at E:\IT運用システム\03_実装\it-ops-system\e2e\dashboard.spec.ts:6:16

    attachment #1: screenshot (image/png) ──────────────────────────────────────────────────────────
    test-results\dashboard-ダッシュボードE2Eテスト-ダッシュボード基本機能テスト-chromium-retry1\test-failed-1.png
    ────────────────────────────────────────────────────────────────────────────────────────────────

    attachment #2: video (video/webm) ──────────────────────────────────────────────────────────────
    test-results\dashboard-ダッシュボードE2Eテスト-ダッシュボード基本機能テスト-chromium-retry1\video.webm
    ────────────────────────────────────────────────────────────────────────────────────────────────

    attachment #3: trace (application/zip) ─────────────────────────────────────────────────────────
    test-results\dashboard-ダッシュボードE2Eテスト-ダッシュボード基本機能テスト-chromium-retry1\trace.zip
    Usage:

        npx playwright show-trace test-results\dashboard-ダッシュボードE2Eテスト-ダッシュボード基本機能テスト-chromium-retry1\trace.zip

    ────────────────────────────────────────────────────────────────────────────────────────────────

    Retry #2 ───────────────────────────────────────────────────────────────────────────────────────

    Error: page.goto: net::ERR_CONNECTION_REFUSED at http://localhost:3000/login
    Call log:
      - navigating to "http://localhost:3000/login", waiting until "load"


      4 |   test.beforeEach(async ({ page }) => {
      5 |     // ログインプロセス
    > 6 |     await page.goto('http://localhost:3000/login');
        |                ^
      7 |     await page.fill('input[name="username"]', 'testuser');
      8 |     await page.fill('input[name="password"]', 'validpassword');
      9 |     await page.click('button[type="submit"]');
        at E:\IT運用システム\03_実装\it-ops-system\e2e\dashboard.spec.ts:6:16

    attachment #1: screenshot (image/png) ──────────────────────────────────────────────────────────
    test-results\dashboard-ダッシュボードE2Eテスト-ダッシュボード基本機能テスト-chromium-retry2\test-failed-1.png
    ────────────────────────────────────────────────────────────────────────────────────────────────

    attachment #2: video (video/webm) ──────────────────────────────────────────────────────────────
    test-results\dashboard-ダッシュボードE2Eテスト-ダッシュボード基本機能テスト-chromium-retry2\video.webm
    ────────────────────────────────────────────────────────────────────────────────────────────────
]]>
</failure>
<system-out>
<![CDATA[
[[ATTACHMENT|dashboard-ダッシュボードE2Eテスト-ダッシュボード基本機能テスト-chromium\test-failed-1.png]]

[[ATTACHMENT|dashboard-ダッシュボードE2Eテスト-ダッシュボード基本機能テスト-chromium\video.webm]]

[[ATTACHMENT|dashboard-ダッシュボードE2Eテスト-ダッシュボード基本機能テスト-chromium-retry1\test-failed-1.png]]

[[ATTACHMENT|dashboard-ダッシュボードE2Eテスト-ダッシュボード基本機能テスト-chromium-retry1\video.webm]]

[[ATTACHMENT|dashboard-ダッシュボードE2Eテスト-ダッシュボード基本機能テスト-chromium-retry1\trace.zip]]

[[ATTACHMENT|dashboard-ダッシュボードE2Eテスト-ダッシュボード基本機能テスト-chromium-retry2\test-failed-1.png]]

[[ATTACHMENT|dashboard-ダッシュボードE2Eテスト-ダッシュボード基本機能テスト-chromium-retry2\video.webm]]
]]>
</system-out>
</testcase>
<testcase name="ダッシュボードE2Eテスト › リアルタイム更新のテスト" classname="dashboard.spec.ts" time="9.45">
<failure message="dashboard.spec.ts:27:7 リアルタイム更新のテスト" type="FAILURE">
<![CDATA[  [chromium] › dashboard.spec.ts:27:7 › ダッシュボードE2Eテスト › リアルタイム更新のテスト ───────────────────────────────

    Error: page.goto: net::ERR_CONNECTION_REFUSED at http://localhost:3000/login
    Call log:
      - navigating to "http://localhost:3000/login", waiting until "load"


      4 |   test.beforeEach(async ({ page }) => {
      5 |     // ログインプロセス
    > 6 |     await page.goto('http://localhost:3000/login');
        |                ^
      7 |     await page.fill('input[name="username"]', 'testuser');
      8 |     await page.fill('input[name="password"]', 'validpassword');
      9 |     await page.click('button[type="submit"]');
        at E:\IT運用システム\03_実装\it-ops-system\e2e\dashboard.spec.ts:6:16

    attachment #1: screenshot (image/png) ──────────────────────────────────────────────────────────
    test-results\dashboard-ダッシュボードE2Eテスト-リアルタイム更新のテスト-chromium\test-failed-1.png
    ────────────────────────────────────────────────────────────────────────────────────────────────

    attachment #2: video (video/webm) ──────────────────────────────────────────────────────────────
    test-results\dashboard-ダッシュボードE2Eテスト-リアルタイム更新のテスト-chromium\video.webm
    ────────────────────────────────────────────────────────────────────────────────────────────────

    Retry #1 ───────────────────────────────────────────────────────────────────────────────────────

    Error: page.goto: net::ERR_CONNECTION_REFUSED at http://localhost:3000/login
    Call log:
      - navigating to "http://localhost:3000/login", waiting until "load"


      4 |   test.beforeEach(async ({ page }) => {
      5 |     // ログインプロセス
    > 6 |     await page.goto('http://localhost:3000/login');
        |                ^
      7 |     await page.fill('input[name="username"]', 'testuser');
      8 |     await page.fill('input[name="password"]', 'validpassword');
      9 |     await page.click('button[type="submit"]');
        at E:\IT運用システム\03_実装\it-ops-system\e2e\dashboard.spec.ts:6:16

    attachment #1: screenshot (image/png) ──────────────────────────────────────────────────────────
    test-results\dashboard-ダッシュボードE2Eテスト-リアルタイム更新のテスト-chromium-retry1\test-failed-1.png
    ────────────────────────────────────────────────────────────────────────────────────────────────

    attachment #2: video (video/webm) ──────────────────────────────────────────────────────────────
    test-results\dashboard-ダッシュボードE2Eテスト-リアルタイム更新のテスト-chromium-retry1\video.webm
    ────────────────────────────────────────────────────────────────────────────────────────────────

    attachment #3: trace (application/zip) ─────────────────────────────────────────────────────────
    test-results\dashboard-ダッシュボードE2Eテスト-リアルタイム更新のテスト-chromium-retry1\trace.zip
    Usage:

        npx playwright show-trace test-results\dashboard-ダッシュボードE2Eテスト-リアルタイム更新のテスト-chromium-retry1\trace.zip

    ────────────────────────────────────────────────────────────────────────────────────────────────

    Retry #2 ───────────────────────────────────────────────────────────────────────────────────────

    Error: page.goto: net::ERR_CONNECTION_REFUSED at http://localhost:3000/login
    Call log:
      - navigating to "http://localhost:3000/login", waiting until "load"


      4 |   test.beforeEach(async ({ page }) => {
      5 |     // ログインプロセス
    > 6 |     await page.goto('http://localhost:3000/login');
        |                ^
      7 |     await page.fill('input[name="username"]', 'testuser');
      8 |     await page.fill('input[name="password"]', 'validpassword');
      9 |     await page.click('button[type="submit"]');
        at E:\IT運用システム\03_実装\it-ops-system\e2e\dashboard.spec.ts:6:16

    attachment #1: screenshot (image/png) ──────────────────────────────────────────────────────────
    test-results\dashboard-ダッシュボードE2Eテスト-リアルタイム更新のテスト-chromium-retry2\test-failed-1.png
    ────────────────────────────────────────────────────────────────────────────────────────────────

    attachment #2: video (video/webm) ──────────────────────────────────────────────────────────────
    test-results\dashboard-ダッシュボードE2Eテスト-リアルタイム更新のテスト-chromium-retry2\video.webm
    ────────────────────────────────────────────────────────────────────────────────────────────────
]]>
</failure>
<system-out>
<![CDATA[
[[ATTACHMENT|dashboard-ダッシュボードE2Eテスト-リアルタイム更新のテスト-chromium\test-failed-1.png]]

[[ATTACHMENT|dashboard-ダッシュボードE2Eテスト-リアルタイム更新のテスト-chromium\video.webm]]

[[ATTACHMENT|dashboard-ダッシュボードE2Eテスト-リアルタイム更新のテスト-chromium-retry1\test-failed-1.png]]

[[ATTACHMENT|dashboard-ダッシュボードE2Eテスト-リアルタイム更新のテスト-chromium-retry1\video.webm]]

[[ATTACHMENT|dashboard-ダッシュボードE2Eテスト-リアルタイム更新のテスト-chromium-retry1\trace.zip]]

[[ATTACHMENT|dashboard-ダッシュボードE2Eテスト-リアルタイム更新のテスト-chromium-retry2\test-failed-1.png]]

[[ATTACHMENT|dashboard-ダッシュボードE2Eテスト-リアルタイム更新のテスト-chromium-retry2\video.webm]]
]]>
</system-out>
</testcase>
<testcase name="ダッシュボードE2Eテスト › アラート管理機能のテスト" classname="dashboard.spec.ts" time="9.09">
<failure message="dashboard.spec.ts:41:7 アラート管理機能のテスト" type="FAILURE">
<![CDATA[  [chromium] › dashboard.spec.ts:41:7 › ダッシュボードE2Eテスト › アラート管理機能のテスト ───────────────────────────────

    Error: page.goto: net::ERR_CONNECTION_REFUSED at http://localhost:3000/login
    Call log:
      - navigating to "http://localhost:3000/login", waiting until "load"


      4 |   test.beforeEach(async ({ page }) => {
      5 |     // ログインプロセス
    > 6 |     await page.goto('http://localhost:3000/login');
        |                ^
      7 |     await page.fill('input[name="username"]', 'testuser');
      8 |     await page.fill('input[name="password"]', 'validpassword');
      9 |     await page.click('button[type="submit"]');
        at E:\IT運用システム\03_実装\it-ops-system\e2e\dashboard.spec.ts:6:16

    attachment #1: screenshot (image/png) ──────────────────────────────────────────────────────────
    test-results\dashboard-ダッシュボードE2Eテスト-アラート管理機能のテスト-chromium\test-failed-1.png
    ────────────────────────────────────────────────────────────────────────────────────────────────

    attachment #2: video (video/webm) ──────────────────────────────────────────────────────────────
    test-results\dashboard-ダッシュボードE2Eテスト-アラート管理機能のテスト-chromium\video.webm
    ────────────────────────────────────────────────────────────────────────────────────────────────

    Retry #1 ───────────────────────────────────────────────────────────────────────────────────────

    Error: page.goto: net::ERR_CONNECTION_REFUSED at http://localhost:3000/login
    Call log:
      - navigating to "http://localhost:3000/login", waiting until "load"


      4 |   test.beforeEach(async ({ page }) => {
      5 |     // ログインプロセス
    > 6 |     await page.goto('http://localhost:3000/login');
        |                ^
      7 |     await page.fill('input[name="username"]', 'testuser');
      8 |     await page.fill('input[name="password"]', 'validpassword');
      9 |     await page.click('button[type="submit"]');
        at E:\IT運用システム\03_実装\it-ops-system\e2e\dashboard.spec.ts:6:16

    attachment #1: screenshot (image/png) ──────────────────────────────────────────────────────────
    test-results\dashboard-ダッシュボードE2Eテスト-アラート管理機能のテスト-chromium-retry1\test-failed-1.png
    ────────────────────────────────────────────────────────────────────────────────────────────────

    attachment #2: video (video/webm) ──────────────────────────────────────────────────────────────
    test-results\dashboard-ダッシュボードE2Eテスト-アラート管理機能のテスト-chromium-retry1\video.webm
    ────────────────────────────────────────────────────────────────────────────────────────────────

    attachment #3: trace (application/zip) ─────────────────────────────────────────────────────────
    test-results\dashboard-ダッシュボードE2Eテスト-アラート管理機能のテスト-chromium-retry1\trace.zip
    Usage:

        npx playwright show-trace test-results\dashboard-ダッシュボードE2Eテスト-アラート管理機能のテスト-chromium-retry1\trace.zip

    ────────────────────────────────────────────────────────────────────────────────────────────────

    Retry #2 ───────────────────────────────────────────────────────────────────────────────────────

    Error: page.goto: net::ERR_CONNECTION_REFUSED at http://localhost:3000/login
    Call log:
      - navigating to "http://localhost:3000/login", waiting until "load"


      4 |   test.beforeEach(async ({ page }) => {
      5 |     // ログインプロセス
    > 6 |     await page.goto('http://localhost:3000/login');
        |                ^
      7 |     await page.fill('input[name="username"]', 'testuser');
      8 |     await page.fill('input[name="password"]', 'validpassword');
      9 |     await page.click('button[type="submit"]');
        at E:\IT運用システム\03_実装\it-ops-system\e2e\dashboard.spec.ts:6:16

    attachment #1: screenshot (image/png) ──────────────────────────────────────────────────────────
    test-results\dashboard-ダッシュボードE2Eテスト-アラート管理機能のテスト-chromium-retry2\test-failed-1.png
    ────────────────────────────────────────────────────────────────────────────────────────────────

    attachment #2: video (video/webm) ──────────────────────────────────────────────────────────────
    test-results\dashboard-ダッシュボードE2Eテスト-アラート管理機能のテスト-chromium-retry2\video.webm
    ────────────────────────────────────────────────────────────────────────────────────────────────
]]>
</failure>
<system-out>
<![CDATA[
[[ATTACHMENT|dashboard-ダッシュボードE2Eテスト-アラート管理機能のテスト-chromium\test-failed-1.png]]

[[ATTACHMENT|dashboard-ダッシュボードE2Eテスト-アラート管理機能のテスト-chromium\video.webm]]

[[ATTACHMENT|dashboard-ダッシュボードE2Eテスト-アラート管理機能のテスト-chromium-retry1\test-failed-1.png]]

[[ATTACHMENT|dashboard-ダッシュボードE2Eテスト-アラート管理機能のテスト-chromium-retry1\video.webm]]

[[ATTACHMENT|dashboard-ダッシュボードE2Eテスト-アラート管理機能のテスト-chromium-retry1\trace.zip]]

[[ATTACHMENT|dashboard-ダッシュボードE2Eテスト-アラート管理機能のテスト-chromium-retry2\test-failed-1.png]]

[[ATTACHMENT|dashboard-ダッシュボードE2Eテスト-アラート管理機能のテスト-chromium-retry2\video.webm]]
]]>
</system-out>
</testcase>
<testcase name="ダッシュボードE2Eテスト › ログフィルタリング機能のテスト" classname="dashboard.spec.ts" time="9.123">
<failure message="dashboard.spec.ts:57:7 ログフィルタリング機能のテスト" type="FAILURE">
<![CDATA[  [chromium] › dashboard.spec.ts:57:7 › ダッシュボードE2Eテスト › ログフィルタリング機能のテスト ────────────────────────────

    Error: page.goto: net::ERR_CONNECTION_REFUSED at http://localhost:3000/login
    Call log:
      - navigating to "http://localhost:3000/login", waiting until "load"


      4 |   test.beforeEach(async ({ page }) => {
      5 |     // ログインプロセス
    > 6 |     await page.goto('http://localhost:3000/login');
        |                ^
      7 |     await page.fill('input[name="username"]', 'testuser');
      8 |     await page.fill('input[name="password"]', 'validpassword');
      9 |     await page.click('button[type="submit"]');
        at E:\IT運用システム\03_実装\it-ops-system\e2e\dashboard.spec.ts:6:16

    attachment #1: screenshot (image/png) ──────────────────────────────────────────────────────────
    test-results\dashboard-ダッシュボードE2Eテスト-ログフィルタリング機能のテスト-chromium\test-failed-1.png
    ────────────────────────────────────────────────────────────────────────────────────────────────

    attachment #2: video (video/webm) ──────────────────────────────────────────────────────────────
    test-results\dashboard-ダッシュボードE2Eテスト-ログフィルタリング機能のテスト-chromium\video.webm
    ────────────────────────────────────────────────────────────────────────────────────────────────

    Retry #1 ───────────────────────────────────────────────────────────────────────────────────────

    Error: page.goto: net::ERR_CONNECTION_REFUSED at http://localhost:3000/login
    Call log:
      - navigating to "http://localhost:3000/login", waiting until "load"


      4 |   test.beforeEach(async ({ page }) => {
      5 |     // ログインプロセス
    > 6 |     await page.goto('http://localhost:3000/login');
        |                ^
      7 |     await page.fill('input[name="username"]', 'testuser');
      8 |     await page.fill('input[name="password"]', 'validpassword');
      9 |     await page.click('button[type="submit"]');
        at E:\IT運用システム\03_実装\it-ops-system\e2e\dashboard.spec.ts:6:16

    attachment #1: screenshot (image/png) ──────────────────────────────────────────────────────────
    test-results\dashboard-ダッシュボードE2Eテスト-ログフィルタリング機能のテスト-chromium-retry1\test-failed-1.png
    ────────────────────────────────────────────────────────────────────────────────────────────────

    attachment #2: video (video/webm) ──────────────────────────────────────────────────────────────
    test-results\dashboard-ダッシュボードE2Eテスト-ログフィルタリング機能のテスト-chromium-retry1\video.webm
    ────────────────────────────────────────────────────────────────────────────────────────────────

    attachment #3: trace (application/zip) ─────────────────────────────────────────────────────────
    test-results\dashboard-ダッシュボードE2Eテスト-ログフィルタリング機能のテスト-chromium-retry1\trace.zip
    Usage:

        npx playwright show-trace test-results\dashboard-ダッシュボードE2Eテスト-ログフィルタリング機能のテスト-chromium-retry1\trace.zip

    ────────────────────────────────────────────────────────────────────────────────────────────────

    Retry #2 ───────────────────────────────────────────────────────────────────────────────────────

    Error: page.goto: net::ERR_CONNECTION_REFUSED at http://localhost:3000/login
    Call log:
      - navigating to "http://localhost:3000/login", waiting until "load"


      4 |   test.beforeEach(async ({ page }) => {
      5 |     // ログインプロセス
    > 6 |     await page.goto('http://localhost:3000/login');
        |                ^
      7 |     await page.fill('input[name="username"]', 'testuser');
      8 |     await page.fill('input[name="password"]', 'validpassword');
      9 |     await page.click('button[type="submit"]');
        at E:\IT運用システム\03_実装\it-ops-system\e2e\dashboard.spec.ts:6:16

    attachment #1: screenshot (image/png) ──────────────────────────────────────────────────────────
    test-results\dashboard-ダッシュボードE2Eテスト-ログフィルタリング機能のテスト-chromium-retry2\test-failed-1.png
    ────────────────────────────────────────────────────────────────────────────────────────────────

    attachment #2: video (video/webm) ──────────────────────────────────────────────────────────────
    test-results\dashboard-ダッシュボードE2Eテスト-ログフィルタリング機能のテスト-chromium-retry2\video.webm
    ────────────────────────────────────────────────────────────────────────────────────────────────
]]>
</failure>
<system-out>
<![CDATA[
[[ATTACHMENT|dashboard-ダッシュボードE2Eテスト-ログフィルタリング機能のテスト-chromium\test-failed-1.png]]

[[ATTACHMENT|dashboard-ダッシュボードE2Eテスト-ログフィルタリング機能のテスト-chromium\video.webm]]

[[ATTACHMENT|dashboard-ダッシュボードE2Eテスト-ログフィルタリング機能のテスト-chromium-retry1\test-failed-1.png]]

[[ATTACHMENT|dashboard-ダッシュボードE2Eテスト-ログフィルタリング機能のテスト-chromium-retry1\video.webm]]

[[ATTACHMENT|dashboard-ダッシュボードE2Eテスト-ログフィルタリング機能のテスト-chromium-retry1\trace.zip]]

[[ATTACHMENT|dashboard-ダッシュボードE2Eテスト-ログフィルタリング機能のテスト-chromium-retry2\test-failed-1.png]]

[[ATTACHMENT|dashboard-ダッシュボードE2Eテスト-ログフィルタリング機能のテスト-chromium-retry2\video.webm]]
]]>
</system-out>
</testcase>
<testcase name="ダッシュボードE2Eテスト › システム管理機能のテスト" classname="dashboard.spec.ts" time="9.226">
<failure message="dashboard.spec.ts:76:7 システム管理機能のテスト" type="FAILURE">
<![CDATA[  [chromium] › dashboard.spec.ts:76:7 › ダッシュボードE2Eテスト › システム管理機能のテスト ───────────────────────────────

    Error: page.goto: net::ERR_CONNECTION_REFUSED at http://localhost:3000/login
    Call log:
      - navigating to "http://localhost:3000/login", waiting until "load"


      4 |   test.beforeEach(async ({ page }) => {
      5 |     // ログインプロセス
    > 6 |     await page.goto('http://localhost:3000/login');
        |                ^
      7 |     await page.fill('input[name="username"]', 'testuser');
      8 |     await page.fill('input[name="password"]', 'validpassword');
      9 |     await page.click('button[type="submit"]');
        at E:\IT運用システム\03_実装\it-ops-system\e2e\dashboard.spec.ts:6:16

    attachment #1: screenshot (image/png) ──────────────────────────────────────────────────────────
    test-results\dashboard-ダッシュボードE2Eテスト-システム管理機能のテスト-chromium\test-failed-1.png
    ────────────────────────────────────────────────────────────────────────────────────────────────

    attachment #2: video (video/webm) ──────────────────────────────────────────────────────────────
    test-results\dashboard-ダッシュボードE2Eテスト-システム管理機能のテスト-chromium\video.webm
    ────────────────────────────────────────────────────────────────────────────────────────────────

    Retry #1 ───────────────────────────────────────────────────────────────────────────────────────

    Error: page.goto: net::ERR_CONNECTION_REFUSED at http://localhost:3000/login
    Call log:
      - navigating to "http://localhost:3000/login", waiting until "load"


      4 |   test.beforeEach(async ({ page }) => {
      5 |     // ログインプロセス
    > 6 |     await page.goto('http://localhost:3000/login');
        |                ^
      7 |     await page.fill('input[name="username"]', 'testuser');
      8 |     await page.fill('input[name="password"]', 'validpassword');
      9 |     await page.click('button[type="submit"]');
        at E:\IT運用システム\03_実装\it-ops-system\e2e\dashboard.spec.ts:6:16

    attachment #1: screenshot (image/png) ──────────────────────────────────────────────────────────
    test-results\dashboard-ダッシュボードE2Eテスト-システム管理機能のテスト-chromium-retry1\test-failed-1.png
    ────────────────────────────────────────────────────────────────────────────────────────────────

    attachment #2: video (video/webm) ──────────────────────────────────────────────────────────────
    test-results\dashboard-ダッシュボードE2Eテスト-システム管理機能のテスト-chromium-retry1\video.webm
    ────────────────────────────────────────────────────────────────────────────────────────────────

    attachment #3: trace (application/zip) ─────────────────────────────────────────────────────────
    test-results\dashboard-ダッシュボードE2Eテスト-システム管理機能のテスト-chromium-retry1\trace.zip
    Usage:

        npx playwright show-trace test-results\dashboard-ダッシュボードE2Eテスト-システム管理機能のテスト-chromium-retry1\trace.zip

    ────────────────────────────────────────────────────────────────────────────────────────────────

    Retry #2 ───────────────────────────────────────────────────────────────────────────────────────

    Error: page.goto: net::ERR_CONNECTION_REFUSED at http://localhost:3000/login
    Call log:
      - navigating to "http://localhost:3000/login", waiting until "load"


      4 |   test.beforeEach(async ({ page }) => {
      5 |     // ログインプロセス
    > 6 |     await page.goto('http://localhost:3000/login');
        |                ^
      7 |     await page.fill('input[name="username"]', 'testuser');
      8 |     await page.fill('input[name="password"]', 'validpassword');
      9 |     await page.click('button[type="submit"]');
        at E:\IT運用システム\03_実装\it-ops-system\e2e\dashboard.spec.ts:6:16

    attachment #1: screenshot (image/png) ──────────────────────────────────────────────────────────
    test-results\dashboard-ダッシュボードE2Eテスト-システム管理機能のテスト-chromium-retry2\test-failed-1.png
    ────────────────────────────────────────────────────────────────────────────────────────────────

    attachment #2: video (video/webm) ──────────────────────────────────────────────────────────────
    test-results\dashboard-ダッシュボードE2Eテスト-システム管理機能のテスト-chromium-retry2\video.webm
    ────────────────────────────────────────────────────────────────────────────────────────────────
]]>
</failure>
<system-out>
<![CDATA[
[[ATTACHMENT|dashboard-ダッシュボードE2Eテスト-システム管理機能のテスト-chromium\test-failed-1.png]]

[[ATTACHMENT|dashboard-ダッシュボードE2Eテスト-システム管理機能のテスト-chromium\video.webm]]

[[ATTACHMENT|dashboard-ダッシュボードE2Eテスト-システム管理機能のテスト-chromium-retry1\test-failed-1.png]]

[[ATTACHMENT|dashboard-ダッシュボードE2Eテスト-システム管理機能のテスト-chromium-retry1\video.webm]]

[[ATTACHMENT|dashboard-ダッシュボードE2Eテスト-システム管理機能のテスト-chromium-retry1\trace.zip]]

[[ATTACHMENT|dashboard-ダッシュボードE2Eテスト-システム管理機能のテスト-chromium-retry2\test-failed-1.png]]

[[ATTACHMENT|dashboard-ダッシュボードE2Eテスト-システム管理機能のテスト-chromium-retry2\video.webm]]
]]>
</system-out>
</testcase>
<testcase name="ダッシュボードE2Eテスト › パフォーマンス指標の確認" classname="dashboard.spec.ts" time="8.957">
<failure message="dashboard.spec.ts:96:7 パフォーマンス指標の確認" type="FAILURE">
<![CDATA[  [chromium] › dashboard.spec.ts:96:7 › ダッシュボードE2Eテスト › パフォーマンス指標の確認 ───────────────────────────────

    Error: page.goto: net::ERR_CONNECTION_REFUSED at http://localhost:3000/login
    Call log:
      - navigating to "http://localhost:3000/login", waiting until "load"


      4 |   test.beforeEach(async ({ page }) => {
      5 |     // ログインプロセス
    > 6 |     await page.goto('http://localhost:3000/login');
        |                ^
      7 |     await page.fill('input[name="username"]', 'testuser');
      8 |     await page.fill('input[name="password"]', 'validpassword');
      9 |     await page.click('button[type="submit"]');
        at E:\IT運用システム\03_実装\it-ops-system\e2e\dashboard.spec.ts:6:16

    attachment #1: screenshot (image/png) ──────────────────────────────────────────────────────────
    test-results\dashboard-ダッシュボードE2Eテスト-パフォーマンス指標の確認-chromium\test-failed-1.png
    ────────────────────────────────────────────────────────────────────────────────────────────────

    attachment #2: video (video/webm) ──────────────────────────────────────────────────────────────
    test-results\dashboard-ダッシュボードE2Eテスト-パフォーマンス指標の確認-chromium\video.webm
    ────────────────────────────────────────────────────────────────────────────────────────────────

    Retry #1 ───────────────────────────────────────────────────────────────────────────────────────

    Error: page.goto: net::ERR_CONNECTION_REFUSED at http://localhost:3000/login
    Call log:
      - navigating to "http://localhost:3000/login", waiting until "load"


      4 |   test.beforeEach(async ({ page }) => {
      5 |     // ログインプロセス
    > 6 |     await page.goto('http://localhost:3000/login');
        |                ^
      7 |     await page.fill('input[name="username"]', 'testuser');
      8 |     await page.fill('input[name="password"]', 'validpassword');
      9 |     await page.click('button[type="submit"]');
        at E:\IT運用システム\03_実装\it-ops-system\e2e\dashboard.spec.ts:6:16

    attachment #1: screenshot (image/png) ──────────────────────────────────────────────────────────
    test-results\dashboard-ダッシュボードE2Eテスト-パフォーマンス指標の確認-chromium-retry1\test-failed-1.png
    ────────────────────────────────────────────────────────────────────────────────────────────────

    attachment #2: video (video/webm) ──────────────────────────────────────────────────────────────
    test-results\dashboard-ダッシュボードE2Eテスト-パフォーマンス指標の確認-chromium-retry1\video.webm
    ────────────────────────────────────────────────────────────────────────────────────────────────

    attachment #3: trace (application/zip) ─────────────────────────────────────────────────────────
    test-results\dashboard-ダッシュボードE2Eテスト-パフォーマンス指標の確認-chromium-retry1\trace.zip
    Usage:

        npx playwright show-trace test-results\dashboard-ダッシュボードE2Eテスト-パフォーマンス指標の確認-chromium-retry1\trace.zip

    ────────────────────────────────────────────────────────────────────────────────────────────────

    Retry #2 ───────────────────────────────────────────────────────────────────────────────────────

    Error: page.goto: net::ERR_CONNECTION_REFUSED at http://localhost:3000/login
    Call log:
      - navigating to "http://localhost:3000/login", waiting until "load"


      4 |   test.beforeEach(async ({ page }) => {
      5 |     // ログインプロセス
    > 6 |     await page.goto('http://localhost:3000/login');
        |                ^
      7 |     await page.fill('input[name="username"]', 'testuser');
      8 |     await page.fill('input[name="password"]', 'validpassword');
      9 |     await page.click('button[type="submit"]');
        at E:\IT運用システム\03_実装\it-ops-system\e2e\dashboard.spec.ts:6:16

    attachment #1: screenshot (image/png) ──────────────────────────────────────────────────────────
    test-results\dashboard-ダッシュボードE2Eテスト-パフォーマンス指標の確認-chromium-retry2\test-failed-1.png
    ────────────────────────────────────────────────────────────────────────────────────────────────

    attachment #2: video (video/webm) ──────────────────────────────────────────────────────────────
    test-results\dashboard-ダッシュボードE2Eテスト-パフォーマンス指標の確認-chromium-retry2\video.webm
    ────────────────────────────────────────────────────────────────────────────────────────────────
]]>
</failure>
<system-out>
<![CDATA[
[[ATTACHMENT|dashboard-ダッシュボードE2Eテスト-パフォーマンス指標の確認-chromium\test-failed-1.png]]

[[ATTACHMENT|dashboard-ダッシュボードE2Eテスト-パフォーマンス指標の確認-chromium\video.webm]]

[[ATTACHMENT|dashboard-ダッシュボードE2Eテスト-パフォーマンス指標の確認-chromium-retry1\test-failed-1.png]]

[[ATTACHMENT|dashboard-ダッシュボードE2Eテスト-パフォーマンス指標の確認-chromium-retry1\video.webm]]

[[ATTACHMENT|dashboard-ダッシュボードE2Eテスト-パフォーマンス指標の確認-chromium-retry1\trace.zip]]

[[ATTACHMENT|dashboard-ダッシュボードE2Eテスト-パフォーマンス指標の確認-chromium-retry2\test-failed-1.png]]

[[ATTACHMENT|dashboard-ダッシュボードE2Eテスト-パフォーマンス指標の確認-chromium-retry2\video.webm]]
]]>
</system-out>
</testcase>
<testcase name="ダッシュボードE2Eテスト › レスポンシブデザインのテスト" classname="dashboard.spec.ts" time="9.151">
<failure message="dashboard.spec.ts:116:7 レスポンシブデザインのテスト" type="FAILURE">
<![CDATA[  [chromium] › dashboard.spec.ts:116:7 › ダッシュボードE2Eテスト › レスポンシブデザインのテスト ────────────────────────────

    Error: page.goto: net::ERR_CONNECTION_REFUSED at http://localhost:3000/login
    Call log:
      - navigating to "http://localhost:3000/login", waiting until "load"


      4 |   test.beforeEach(async ({ page }) => {
      5 |     // ログインプロセス
    > 6 |     await page.goto('http://localhost:3000/login');
        |                ^
      7 |     await page.fill('input[name="username"]', 'testuser');
      8 |     await page.fill('input[name="password"]', 'validpassword');
      9 |     await page.click('button[type="submit"]');
        at E:\IT運用システム\03_実装\it-ops-system\e2e\dashboard.spec.ts:6:16

    attachment #1: screenshot (image/png) ──────────────────────────────────────────────────────────
    test-results\dashboard-ダッシュボードE2Eテスト-レスポンシブデザインのテスト-chromium\test-failed-1.png
    ────────────────────────────────────────────────────────────────────────────────────────────────

    attachment #2: video (video/webm) ──────────────────────────────────────────────────────────────
    test-results\dashboard-ダッシュボードE2Eテスト-レスポンシブデザインのテスト-chromium\video.webm
    ────────────────────────────────────────────────────────────────────────────────────────────────

    Retry #1 ───────────────────────────────────────────────────────────────────────────────────────

    Error: page.goto: net::ERR_CONNECTION_REFUSED at http://localhost:3000/login
    Call log:
      - navigating to "http://localhost:3000/login", waiting until "load"


      4 |   test.beforeEach(async ({ page }) => {
      5 |     // ログインプロセス
    > 6 |     await page.goto('http://localhost:3000/login');
        |                ^
      7 |     await page.fill('input[name="username"]', 'testuser');
      8 |     await page.fill('input[name="password"]', 'validpassword');
      9 |     await page.click('button[type="submit"]');
        at E:\IT運用システム\03_実装\it-ops-system\e2e\dashboard.spec.ts:6:16

    attachment #1: screenshot (image/png) ──────────────────────────────────────────────────────────
    test-results\dashboard-ダッシュボードE2Eテスト-レスポンシブデザインのテスト-chromium-retry1\test-failed-1.png
    ────────────────────────────────────────────────────────────────────────────────────────────────

    attachment #2: video (video/webm) ──────────────────────────────────────────────────────────────
    test-results\dashboard-ダッシュボードE2Eテスト-レスポンシブデザインのテスト-chromium-retry1\video.webm
    ────────────────────────────────────────────────────────────────────────────────────────────────

    attachment #3: trace (application/zip) ─────────────────────────────────────────────────────────
    test-results\dashboard-ダッシュボードE2Eテスト-レスポンシブデザインのテスト-chromium-retry1\trace.zip
    Usage:

        npx playwright show-trace test-results\dashboard-ダッシュボードE2Eテスト-レスポンシブデザインのテスト-chromium-retry1\trace.zip

    ────────────────────────────────────────────────────────────────────────────────────────────────

    Retry #2 ───────────────────────────────────────────────────────────────────────────────────────

    Error: page.goto: net::ERR_CONNECTION_REFUSED at http://localhost:3000/login
    Call log:
      - navigating to "http://localhost:3000/login", waiting until "load"


      4 |   test.beforeEach(async ({ page }) => {
      5 |     // ログインプロセス
    > 6 |     await page.goto('http://localhost:3000/login');
        |                ^
      7 |     await page.fill('input[name="username"]', 'testuser');
      8 |     await page.fill('input[name="password"]', 'validpassword');
      9 |     await page.click('button[type="submit"]');
        at E:\IT運用システム\03_実装\it-ops-system\e2e\dashboard.spec.ts:6:16

    attachment #1: screenshot (image/png) ──────────────────────────────────────────────────────────
    test-results\dashboard-ダッシュボードE2Eテスト-レスポンシブデザインのテスト-chromium-retry2\test-failed-1.png
    ────────────────────────────────────────────────────────────────────────────────────────────────

    attachment #2: video (video/webm) ──────────────────────────────────────────────────────────────
    test-results\dashboard-ダッシュボードE2Eテスト-レスポンシブデザインのテスト-chromium-retry2\video.webm
    ────────────────────────────────────────────────────────────────────────────────────────────────
]]>
</failure>
<system-out>
<![CDATA[
[[ATTACHMENT|dashboard-ダッシュボードE2Eテスト-レスポンシブデザインのテスト-chromium\test-failed-1.png]]

[[ATTACHMENT|dashboard-ダッシュボードE2Eテスト-レスポンシブデザインのテスト-chromium\video.webm]]

[[ATTACHMENT|dashboard-ダッシュボードE2Eテスト-レスポンシブデザインのテスト-chromium-retry1\test-failed-1.png]]

[[ATTACHMENT|dashboard-ダッシュボードE2Eテスト-レスポンシブデザインのテスト-chromium-retry1\video.webm]]

[[ATTACHMENT|dashboard-ダッシュボードE2Eテスト-レスポンシブデザインのテスト-chromium-retry1\trace.zip]]

[[ATTACHMENT|dashboard-ダッシュボードE2Eテスト-レスポンシブデザインのテスト-chromium-retry2\test-failed-1.png]]

[[ATTACHMENT|dashboard-ダッシュボードE2Eテスト-レスポンシブデザインのテスト-chromium-retry2\video.webm]]
]]>
</system-out>
</testcase>
</testsuite>
<testsuite name="dashboard.spec.ts" timestamp="2025-02-17T07:51:08.411Z" hostname="firefox" tests="7" failures="7" skipped="0" time="0.296" errors="0">
<testcase name="ダッシュボードE2Eテスト › ダッシュボード基本機能テスト" classname="dashboard.spec.ts" time="0.05">
<failure message="dashboard.spec.ts:15:7 ダッシュボード基本機能テスト" type="FAILURE">
<![CDATA[  [firefox] › dashboard.spec.ts:15:7 › ダッシュボードE2Eテスト › ダッシュボード基本機能テスト ──────────────────────────────

    Error: browserType.launch: Executable doesn't exist at C:\Users\kensa\AppData\Local\ms-playwright\firefox-1471\firefox\firefox.exe
    ╔═════════════════════════════════════════════════════════════════════════╗
    ║ Looks like Playwright Test or Playwright was just installed or updated. ║
    ║ Please run the following command to download new browsers:              ║
    ║                                                                         ║
    ║     npx playwright install                                              ║
    ║                                                                         ║
    ║ <3 Playwright Team                                                      ║
    ╚═════════════════════════════════════════════════════════════════════════╝

    Retry #1 ───────────────────────────────────────────────────────────────────────────────────────

    Error: browserType.launch: Executable doesn't exist at C:\Users\kensa\AppData\Local\ms-playwright\firefox-1471\firefox\firefox.exe
    ╔═════════════════════════════════════════════════════════════════════════╗
    ║ Looks like Playwright Test or Playwright was just installed or updated. ║
    ║ Please run the following command to download new browsers:              ║
    ║                                                                         ║
    ║     npx playwright install                                              ║
    ║                                                                         ║
    ║ <3 Playwright Team                                                      ║
    ╚═════════════════════════════════════════════════════════════════════════╝

    attachment #1: trace (application/zip) ─────────────────────────────────────────────────────────
    test-results\dashboard-ダッシュボードE2Eテスト-ダッシュボード基本機能テスト-firefox-retry1\trace.zip
    Usage:

        npx playwright show-trace test-results\dashboard-ダッシュボードE2Eテスト-ダッシュボード基本機能テスト-firefox-retry1\trace.zip

    ────────────────────────────────────────────────────────────────────────────────────────────────

    Retry #2 ───────────────────────────────────────────────────────────────────────────────────────

    Error: browserType.launch: Executable doesn't exist at C:\Users\kensa\AppData\Local\ms-playwright\firefox-1471\firefox\firefox.exe
    ╔═════════════════════════════════════════════════════════════════════════╗
    ║ Looks like Playwright Test or Playwright was just installed or updated. ║
    ║ Please run the following command to download new browsers:              ║
    ║                                                                         ║
    ║     npx playwright install                                              ║
    ║                                                                         ║
    ║ <3 Playwright Team                                                      ║
    ╚═════════════════════════════════════════════════════════════════════════╝
]]>
</failure>
<system-out>
<![CDATA[
[[ATTACHMENT|dashboard-ダッシュボードE2Eテスト-ダッシュボード基本機能テスト-firefox-retry1\trace.zip]]
]]>
</system-out>
</testcase>
<testcase name="ダッシュボードE2Eテスト › リアルタイム更新のテスト" classname="dashboard.spec.ts" time="0.047">
<failure message="dashboard.spec.ts:27:7 リアルタイム更新のテスト" type="FAILURE">
<![CDATA[  [firefox] › dashboard.spec.ts:27:7 › ダッシュボードE2Eテスト › リアルタイム更新のテスト ────────────────────────────────

    Error: browserType.launch: Executable doesn't exist at C:\Users\kensa\AppData\Local\ms-playwright\firefox-1471\firefox\firefox.exe
    ╔═════════════════════════════════════════════════════════════════════════╗
    ║ Looks like Playwright Test or Playwright was just installed or updated. ║
    ║ Please run the following command to download new browsers:              ║
    ║                                                                         ║
    ║     npx playwright install                                              ║
    ║                                                                         ║
    ║ <3 Playwright Team                                                      ║
    ╚═════════════════════════════════════════════════════════════════════════╝

    Retry #1 ───────────────────────────────────────────────────────────────────────────────────────

    Error: browserType.launch: Executable doesn't exist at C:\Users\kensa\AppData\Local\ms-playwright\firefox-1471\firefox\firefox.exe
    ╔═════════════════════════════════════════════════════════════════════════╗
    ║ Looks like Playwright Test or Playwright was just installed or updated. ║
    ║ Please run the following command to download new browsers:              ║
    ║                                                                         ║
    ║     npx playwright install                                              ║
    ║                                                                         ║
    ║ <3 Playwright Team                                                      ║
    ╚═════════════════════════════════════════════════════════════════════════╝

    attachment #1: trace (application/zip) ─────────────────────────────────────────────────────────
    test-results\dashboard-ダッシュボードE2Eテスト-リアルタイム更新のテスト-firefox-retry1\trace.zip
    Usage:

        npx playwright show-trace test-results\dashboard-ダッシュボードE2Eテスト-リアルタイム更新のテスト-firefox-retry1\trace.zip

    ────────────────────────────────────────────────────────────────────────────────────────────────

    Retry #2 ───────────────────────────────────────────────────────────────────────────────────────

    Error: browserType.launch: Executable doesn't exist at C:\Users\kensa\AppData\Local\ms-playwright\firefox-1471\firefox\firefox.exe
    ╔═════════════════════════════════════════════════════════════════════════╗
    ║ Looks like Playwright Test or Playwright was just installed or updated. ║
    ║ Please run the following command to download new browsers:              ║
    ║                                                                         ║
    ║     npx playwright install                                              ║
    ║                                                                         ║
    ║ <3 Playwright Team                                                      ║
    ╚═════════════════════════════════════════════════════════════════════════╝
]]>
</failure>
<system-out>
<![CDATA[
[[ATTACHMENT|dashboard-ダッシュボードE2Eテスト-リアルタイム更新のテスト-firefox-retry1\trace.zip]]
]]>
</system-out>
</testcase>
<testcase name="ダッシュボードE2Eテスト › アラート管理機能のテスト" classname="dashboard.spec.ts" time="0.044">
<failure message="dashboard.spec.ts:41:7 アラート管理機能のテスト" type="FAILURE">
<![CDATA[  [firefox] › dashboard.spec.ts:41:7 › ダッシュボードE2Eテスト › アラート管理機能のテスト ────────────────────────────────

    Error: browserType.launch: Executable doesn't exist at C:\Users\kensa\AppData\Local\ms-playwright\firefox-1471\firefox\firefox.exe
    ╔═════════════════════════════════════════════════════════════════════════╗
    ║ Looks like Playwright Test or Playwright was just installed or updated. ║
    ║ Please run the following command to download new browsers:              ║
    ║                                                                         ║
    ║     npx playwright install                                              ║
    ║                                                                         ║
    ║ <3 Playwright Team                                                      ║
    ╚═════════════════════════════════════════════════════════════════════════╝

    Retry #1 ───────────────────────────────────────────────────────────────────────────────────────

    Error: browserType.launch: Executable doesn't exist at C:\Users\kensa\AppData\Local\ms-playwright\firefox-1471\firefox\firefox.exe
    ╔═════════════════════════════════════════════════════════════════════════╗
    ║ Looks like Playwright Test or Playwright was just installed or updated. ║
    ║ Please run the following command to download new browsers:              ║
    ║                                                                         ║
    ║     npx playwright install                                              ║
    ║                                                                         ║
    ║ <3 Playwright Team                                                      ║
    ╚═════════════════════════════════════════════════════════════════════════╝

    attachment #1: trace (application/zip) ─────────────────────────────────────────────────────────
    test-results\dashboard-ダッシュボードE2Eテスト-アラート管理機能のテスト-firefox-retry1\trace.zip
    Usage:

        npx playwright show-trace test-results\dashboard-ダッシュボードE2Eテスト-アラート管理機能のテスト-firefox-retry1\trace.zip

    ────────────────────────────────────────────────────────────────────────────────────────────────

    Retry #2 ───────────────────────────────────────────────────────────────────────────────────────

    Error: browserType.launch: Executable doesn't exist at C:\Users\kensa\AppData\Local\ms-playwright\firefox-1471\firefox\firefox.exe
    ╔═════════════════════════════════════════════════════════════════════════╗
    ║ Looks like Playwright Test or Playwright was just installed or updated. ║
    ║ Please run the following command to download new browsers:              ║
    ║                                                                         ║
    ║     npx playwright install                                              ║
    ║                                                                         ║
    ║ <3 Playwright Team                                                      ║
    ╚═════════════════════════════════════════════════════════════════════════╝
]]>
</failure>
<system-out>
<![CDATA[
[[ATTACHMENT|dashboard-ダッシュボードE2Eテスト-アラート管理機能のテスト-firefox-retry1\trace.zip]]
]]>
</system-out>
</testcase>
<testcase name="ダッシュボードE2Eテスト › ログフィルタリング機能のテスト" classname="dashboard.spec.ts" time="0.037">
<failure message="dashboard.spec.ts:57:7 ログフィルタリング機能のテスト" type="FAILURE">
<![CDATA[  [firefox] › dashboard.spec.ts:57:7 › ダッシュボードE2Eテスト › ログフィルタリング機能のテスト ─────────────────────────────

    Error: browserType.launch: Executable doesn't exist at C:\Users\kensa\AppData\Local\ms-playwright\firefox-1471\firefox\firefox.exe
    ╔═════════════════════════════════════════════════════════════════════════╗
    ║ Looks like Playwright Test or Playwright was just installed or updated. ║
    ║ Please run the following command to download new browsers:              ║
    ║                                                                         ║
    ║     npx playwright install                                              ║
    ║                                                                         ║
    ║ <3 Playwright Team                                                      ║
    ╚═════════════════════════════════════════════════════════════════════════╝

    Retry #1 ───────────────────────────────────────────────────────────────────────────────────────

    Error: browserType.launch: Executable doesn't exist at C:\Users\kensa\AppData\Local\ms-playwright\firefox-1471\firefox\firefox.exe
    ╔═════════════════════════════════════════════════════════════════════════╗
    ║ Looks like Playwright Test or Playwright was just installed or updated. ║
    ║ Please run the following command to download new browsers:              ║
    ║                                                                         ║
    ║     npx playwright install                                              ║
    ║                                                                         ║
    ║ <3 Playwright Team                                                      ║
    ╚═════════════════════════════════════════════════════════════════════════╝

    attachment #1: trace (application/zip) ─────────────────────────────────────────────────────────
    test-results\dashboard-ダッシュボードE2Eテスト-ログフィルタリング機能のテスト-firefox-retry1\trace.zip
    Usage:

        npx playwright show-trace test-results\dashboard-ダッシュボードE2Eテスト-ログフィルタリング機能のテスト-firefox-retry1\trace.zip

    ────────────────────────────────────────────────────────────────────────────────────────────────

    Retry #2 ───────────────────────────────────────────────────────────────────────────────────────

    Error: browserType.launch: Executable doesn't exist at C:\Users\kensa\AppData\Local\ms-playwright\firefox-1471\firefox\firefox.exe
    ╔═════════════════════════════════════════════════════════════════════════╗
    ║ Looks like Playwright Test or Playwright was just installed or updated. ║
    ║ Please run the following command to download new browsers:              ║
    ║                                                                         ║
    ║     npx playwright install                                              ║
    ║                                                                         ║
    ║ <3 Playwright Team                                                      ║
    ╚═════════════════════════════════════════════════════════════════════════╝
]]>
</failure>
<system-out>
<![CDATA[
[[ATTACHMENT|dashboard-ダッシュボードE2Eテスト-ログフィルタリング機能のテスト-firefox-retry1\trace.zip]]
]]>
</system-out>
</testcase>
<testcase name="ダッシュボードE2Eテスト › システム管理機能のテスト" classname="dashboard.spec.ts" time="0.037">
<failure message="dashboard.spec.ts:76:7 システム管理機能のテスト" type="FAILURE">
<![CDATA[  [firefox] › dashboard.spec.ts:76:7 › ダッシュボードE2Eテスト › システム管理機能のテスト ────────────────────────────────

    Error: browserType.launch: Executable doesn't exist at C:\Users\kensa\AppData\Local\ms-playwright\firefox-1471\firefox\firefox.exe
    ╔═════════════════════════════════════════════════════════════════════════╗
    ║ Looks like Playwright Test or Playwright was just installed or updated. ║
    ║ Please run the following command to download new browsers:              ║
    ║                                                                         ║
    ║     npx playwright install                                              ║
    ║                                                                         ║
    ║ <3 Playwright Team                                                      ║
    ╚═════════════════════════════════════════════════════════════════════════╝

    Retry #1 ───────────────────────────────────────────────────────────────────────────────────────

    Error: browserType.launch: Executable doesn't exist at C:\Users\kensa\AppData\Local\ms-playwright\firefox-1471\firefox\firefox.exe
    ╔═════════════════════════════════════════════════════════════════════════╗
    ║ Looks like Playwright Test or Playwright was just installed or updated. ║
    ║ Please run the following command to download new browsers:              ║
    ║                                                                         ║
    ║     npx playwright install                                              ║
    ║                                                                         ║
    ║ <3 Playwright Team                                                      ║
    ╚═════════════════════════════════════════════════════════════════════════╝

    attachment #1: trace (application/zip) ─────────────────────────────────────────────────────────
    test-results\dashboard-ダッシュボードE2Eテスト-システム管理機能のテスト-firefox-retry1\trace.zip
    Usage:

        npx playwright show-trace test-results\dashboard-ダッシュボードE2Eテスト-システム管理機能のテスト-firefox-retry1\trace.zip

    ────────────────────────────────────────────────────────────────────────────────────────────────

    Retry #2 ───────────────────────────────────────────────────────────────────────────────────────

    Error: browserType.launch: Executable doesn't exist at C:\Users\kensa\AppData\Local\ms-playwright\firefox-1471\firefox\firefox.exe
    ╔═════════════════════════════════════════════════════════════════════════╗
    ║ Looks like Playwright Test or Playwright was just installed or updated. ║
    ║ Please run the following command to download new browsers:              ║
    ║                                                                         ║
    ║     npx playwright install                                              ║
    ║                                                                         ║
    ║ <3 Playwright Team                                                      ║
    ╚═════════════════════════════════════════════════════════════════════════╝
]]>
</failure>
<system-out>
<![CDATA[
[[ATTACHMENT|dashboard-ダッシュボードE2Eテスト-システム管理機能のテスト-firefox-retry1\trace.zip]]
]]>
</system-out>
</testcase>
<testcase name="ダッシュボードE2Eテスト › パフォーマンス指標の確認" classname="dashboard.spec.ts" time="0.041">
<failure message="dashboard.spec.ts:96:7 パフォーマンス指標の確認" type="FAILURE">
<![CDATA[  [firefox] › dashboard.spec.ts:96:7 › ダッシュボードE2Eテスト › パフォーマンス指標の確認 ────────────────────────────────

    Error: browserType.launch: Executable doesn't exist at C:\Users\kensa\AppData\Local\ms-playwright\firefox-1471\firefox\firefox.exe
    ╔═════════════════════════════════════════════════════════════════════════╗
    ║ Looks like Playwright Test or Playwright was just installed or updated. ║
    ║ Please run the following command to download new browsers:              ║
    ║                                                                         ║
    ║     npx playwright install                                              ║
    ║                                                                         ║
    ║ <3 Playwright Team                                                      ║
    ╚═════════════════════════════════════════════════════════════════════════╝

    Retry #1 ───────────────────────────────────────────────────────────────────────────────────────

    Error: browserType.launch: Executable doesn't exist at C:\Users\kensa\AppData\Local\ms-playwright\firefox-1471\firefox\firefox.exe
    ╔═════════════════════════════════════════════════════════════════════════╗
    ║ Looks like Playwright Test or Playwright was just installed or updated. ║
    ║ Please run the following command to download new browsers:              ║
    ║                                                                         ║
    ║     npx playwright install                                              ║
    ║                                                                         ║
    ║ <3 Playwright Team                                                      ║
    ╚═════════════════════════════════════════════════════════════════════════╝

    attachment #1: trace (application/zip) ─────────────────────────────────────────────────────────
    test-results\dashboard-ダッシュボードE2Eテスト-パフォーマンス指標の確認-firefox-retry1\trace.zip
    Usage:

        npx playwright show-trace test-results\dashboard-ダッシュボードE2Eテスト-パフォーマンス指標の確認-firefox-retry1\trace.zip

    ────────────────────────────────────────────────────────────────────────────────────────────────

    Retry #2 ───────────────────────────────────────────────────────────────────────────────────────

    Error: browserType.launch: Executable doesn't exist at C:\Users\kensa\AppData\Local\ms-playwright\firefox-1471\firefox\firefox.exe
    ╔═════════════════════════════════════════════════════════════════════════╗
    ║ Looks like Playwright Test or Playwright was just installed or updated. ║
    ║ Please run the following command to download new browsers:              ║
    ║                                                                         ║
    ║     npx playwright install                                              ║
    ║                                                                         ║
    ║ <3 Playwright Team                                                      ║
    ╚═════════════════════════════════════════════════════════════════════════╝
]]>
</failure>
<system-out>
<![CDATA[
[[ATTACHMENT|dashboard-ダッシュボードE2Eテスト-パフォーマンス指標の確認-firefox-retry1\trace.zip]]
]]>
</system-out>
</testcase>
<testcase name="ダッシュボードE2Eテスト › レスポンシブデザインのテスト" classname="dashboard.spec.ts" time="0.04">
<failure message="dashboard.spec.ts:116:7 レスポンシブデザインのテスト" type="FAILURE">
<![CDATA[  [firefox] › dashboard.spec.ts:116:7 › ダッシュボードE2Eテスト › レスポンシブデザインのテスト ─────────────────────────────

    Error: browserType.launch: Executable doesn't exist at C:\Users\kensa\AppData\Local\ms-playwright\firefox-1471\firefox\firefox.exe
    ╔═════════════════════════════════════════════════════════════════════════╗
    ║ Looks like Playwright Test or Playwright was just installed or updated. ║
    ║ Please run the following command to download new browsers:              ║
    ║                                                                         ║
    ║     npx playwright install                                              ║
    ║                                                                         ║
    ║ <3 Playwright Team                                                      ║
    ╚═════════════════════════════════════════════════════════════════════════╝

    Retry #1 ───────────────────────────────────────────────────────────────────────────────────────

    Error: browserType.launch: Executable doesn't exist at C:\Users\kensa\AppData\Local\ms-playwright\firefox-1471\firefox\firefox.exe
    ╔═════════════════════════════════════════════════════════════════════════╗
    ║ Looks like Playwright Test or Playwright was just installed or updated. ║
    ║ Please run the following command to download new browsers:              ║
    ║                                                                         ║
    ║     npx playwright install                                              ║
    ║                                                                         ║
    ║ <3 Playwright Team                                                      ║
    ╚═════════════════════════════════════════════════════════════════════════╝

    attachment #1: trace (application/zip) ─────────────────────────────────────────────────────────
    test-results\dashboard-ダッシュボードE2Eテスト-レスポンシブデザインのテスト-firefox-retry1\trace.zip
    Usage:

        npx playwright show-trace test-results\dashboard-ダッシュボードE2Eテスト-レスポンシブデザインのテスト-firefox-retry1\trace.zip

    ────────────────────────────────────────────────────────────────────────────────────────────────

    Retry #2 ───────────────────────────────────────────────────────────────────────────────────────

    Error: browserType.launch: Executable doesn't exist at C:\Users\kensa\AppData\Local\ms-playwright\firefox-1471\firefox\firefox.exe
    ╔═════════════════════════════════════════════════════════════════════════╗
    ║ Looks like Playwright Test or Playwright was just installed or updated. ║
    ║ Please run the following command to download new browsers:              ║
    ║                                                                         ║
    ║     npx playwright install                                              ║
    ║                                                                         ║
    ║ <3 Playwright Team                                                      ║
    ╚═════════════════════════════════════════════════════════════════════════╝
]]>
</failure>
<system-out>
<![CDATA[
[[ATTACHMENT|dashboard-ダッシュボードE2Eテスト-レスポンシブデザインのテスト-firefox-retry1\trace.zip]]
]]>
</system-out>
</testcase>
</testsuite>
<testsuite name="dashboard.spec.ts" timestamp="2025-02-17T07:51:08.411Z" hostname="webkit" tests="7" failures="7" skipped="0" time="0.273" errors="0">
<testcase name="ダッシュボードE2Eテスト › ダッシュボード基本機能テスト" classname="dashboard.spec.ts" time="0.039">
<failure message="dashboard.spec.ts:15:7 ダッシュボード基本機能テスト" type="FAILURE">
<![CDATA[  [webkit] › dashboard.spec.ts:15:7 › ダッシュボードE2Eテスト › ダッシュボード基本機能テスト ───────────────────────────────

    Error: browserType.launch: Executable doesn't exist at C:\Users\kensa\AppData\Local\ms-playwright\webkit-2123\Playwright.exe
    ╔═════════════════════════════════════════════════════════════════════════╗
    ║ Looks like Playwright Test or Playwright was just installed or updated. ║
    ║ Please run the following command to download new browsers:              ║
    ║                                                                         ║
    ║     npx playwright install                                              ║
    ║                                                                         ║
    ║ <3 Playwright Team                                                      ║
    ╚═════════════════════════════════════════════════════════════════════════╝

    Retry #1 ───────────────────────────────────────────────────────────────────────────────────────

    Error: browserType.launch: Executable doesn't exist at C:\Users\kensa\AppData\Local\ms-playwright\webkit-2123\Playwright.exe
    ╔═════════════════════════════════════════════════════════════════════════╗
    ║ Looks like Playwright Test or Playwright was just installed or updated. ║
    ║ Please run the following command to download new browsers:              ║
    ║                                                                         ║
    ║     npx playwright install                                              ║
    ║                                                                         ║
    ║ <3 Playwright Team                                                      ║
    ╚═════════════════════════════════════════════════════════════════════════╝

    attachment #1: trace (application/zip) ─────────────────────────────────────────────────────────
    test-results\dashboard-ダッシュボードE2Eテスト-ダッシュボード基本機能テスト-webkit-retry1\trace.zip
    Usage:

        npx playwright show-trace test-results\dashboard-ダッシュボードE2Eテスト-ダッシュボード基本機能テスト-webkit-retry1\trace.zip

    ────────────────────────────────────────────────────────────────────────────────────────────────

    Retry #2 ───────────────────────────────────────────────────────────────────────────────────────

    Error: browserType.launch: Executable doesn't exist at C:\Users\kensa\AppData\Local\ms-playwright\webkit-2123\Playwright.exe
    ╔═════════════════════════════════════════════════════════════════════════╗
    ║ Looks like Playwright Test or Playwright was just installed or updated. ║
    ║ Please run the following command to download new browsers:              ║
    ║                                                                         ║
    ║     npx playwright install                                              ║
    ║                                                                         ║
    ║ <3 Playwright Team                                                      ║
    ╚═════════════════════════════════════════════════════════════════════════╝
]]>
</failure>
<system-out>
<![CDATA[
[[ATTACHMENT|dashboard-ダッシュボードE2Eテスト-ダッシュボード基本機能テスト-webkit-retry1\trace.zip]]
]]>
</system-out>
</testcase>
<testcase name="ダッシュボードE2Eテスト › リアルタイム更新のテスト" classname="dashboard.spec.ts" time="0.046">
<failure message="dashboard.spec.ts:27:7 リアルタイム更新のテスト" type="FAILURE">
<![CDATA[  [webkit] › dashboard.spec.ts:27:7 › ダッシュボードE2Eテスト › リアルタイム更新のテスト ─────────────────────────────────

    Error: browserType.launch: Executable doesn't exist at C:\Users\kensa\AppData\Local\ms-playwright\webkit-2123\Playwright.exe
    ╔═════════════════════════════════════════════════════════════════════════╗
    ║ Looks like Playwright Test or Playwright was just installed or updated. ║
    ║ Please run the following command to download new browsers:              ║
    ║                                                                         ║
    ║     npx playwright install                                              ║
    ║                                                                         ║
    ║ <3 Playwright Team                                                      ║
    ╚═════════════════════════════════════════════════════════════════════════╝

    Retry #1 ───────────────────────────────────────────────────────────────────────────────────────

    Error: browserType.launch: Executable doesn't exist at C:\Users\kensa\AppData\Local\ms-playwright\webkit-2123\Playwright.exe
    ╔═════════════════════════════════════════════════════════════════════════╗
    ║ Looks like Playwright Test or Playwright was just installed or updated. ║
    ║ Please run the following command to download new browsers:              ║
    ║                                                                         ║
    ║     npx playwright install                                              ║
    ║                                                                         ║
    ║ <3 Playwright Team                                                      ║
    ╚═════════════════════════════════════════════════════════════════════════╝

    attachment #1: trace (application/zip) ─────────────────────────────────────────────────────────
    test-results\dashboard-ダッシュボードE2Eテスト-リアルタイム更新のテスト-webkit-retry1\trace.zip
    Usage:

        npx playwright show-trace test-results\dashboard-ダッシュボードE2Eテスト-リアルタイム更新のテスト-webkit-retry1\trace.zip

    ────────────────────────────────────────────────────────────────────────────────────────────────

    Retry #2 ───────────────────────────────────────────────────────────────────────────────────────

    Error: browserType.launch: Executable doesn't exist at C:\Users\kensa\AppData\Local\ms-playwright\webkit-2123\Playwright.exe
    ╔═════════════════════════════════════════════════════════════════════════╗
    ║ Looks like Playwright Test or Playwright was just installed or updated. ║
    ║ Please run the following command to download new browsers:              ║
    ║                                                                         ║
    ║     npx playwright install                                              ║
    ║                                                                         ║
    ║ <3 Playwright Team                                                      ║
    ╚═════════════════════════════════════════════════════════════════════════╝
]]>
</failure>
<system-out>
<![CDATA[
[[ATTACHMENT|dashboard-ダッシュボードE2Eテスト-リアルタイム更新のテスト-webkit-retry1\trace.zip]]
]]>
</system-out>
</testcase>
<testcase name="ダッシュボードE2Eテスト › アラート管理機能のテスト" classname="dashboard.spec.ts" time="0.041">
<failure message="dashboard.spec.ts:41:7 アラート管理機能のテスト" type="FAILURE">
<![CDATA[  [webkit] › dashboard.spec.ts:41:7 › ダッシュボードE2Eテスト › アラート管理機能のテスト ─────────────────────────────────

    Error: browserType.launch: Executable doesn't exist at C:\Users\kensa\AppData\Local\ms-playwright\webkit-2123\Playwright.exe
    ╔═════════════════════════════════════════════════════════════════════════╗
    ║ Looks like Playwright Test or Playwright was just installed or updated. ║
    ║ Please run the following command to download new browsers:              ║
    ║                                                                         ║
    ║     npx playwright install                                              ║
    ║                                                                         ║
    ║ <3 Playwright Team                                                      ║
    ╚═════════════════════════════════════════════════════════════════════════╝

    Retry #1 ───────────────────────────────────────────────────────────────────────────────────────

    Error: browserType.launch: Executable doesn't exist at C:\Users\kensa\AppData\Local\ms-playwright\webkit-2123\Playwright.exe
    ╔═════════════════════════════════════════════════════════════════════════╗
    ║ Looks like Playwright Test or Playwright was just installed or updated. ║
    ║ Please run the following command to download new browsers:              ║
    ║                                                                         ║
    ║     npx playwright install                                              ║
    ║                                                                         ║
    ║ <3 Playwright Team                                                      ║
    ╚═════════════════════════════════════════════════════════════════════════╝

    attachment #1: trace (application/zip) ─────────────────────────────────────────────────────────
    test-results\dashboard-ダッシュボードE2Eテスト-アラート管理機能のテスト-webkit-retry1\trace.zip
    Usage:

        npx playwright show-trace test-results\dashboard-ダッシュボードE2Eテスト-アラート管理機能のテスト-webkit-retry1\trace.zip

    ────────────────────────────────────────────────────────────────────────────────────────────────

    Retry #2 ───────────────────────────────────────────────────────────────────────────────────────

    Error: browserType.launch: Executable doesn't exist at C:\Users\kensa\AppData\Local\ms-playwright\webkit-2123\Playwright.exe
    ╔═════════════════════════════════════════════════════════════════════════╗
    ║ Looks like Playwright Test or Playwright was just installed or updated. ║
    ║ Please run the following command to download new browsers:              ║
    ║                                                                         ║
    ║     npx playwright install                                              ║
    ║                                                                         ║
    ║ <3 Playwright Team                                                      ║
    ╚═════════════════════════════════════════════════════════════════════════╝
]]>
</failure>
<system-out>
<![CDATA[
[[ATTACHMENT|dashboard-ダッシュボードE2Eテスト-アラート管理機能のテスト-webkit-retry1\trace.zip]]
]]>
</system-out>
</testcase>
<testcase name="ダッシュボードE2Eテスト › ログフィルタリング機能のテスト" classname="dashboard.spec.ts" time="0.033">
<failure message="dashboard.spec.ts:57:7 ログフィルタリング機能のテスト" type="FAILURE">
<![CDATA[  [webkit] › dashboard.spec.ts:57:7 › ダッシュボードE2Eテスト › ログフィルタリング機能のテスト ──────────────────────────────

    Error: browserType.launch: Executable doesn't exist at C:\Users\kensa\AppData\Local\ms-playwright\webkit-2123\Playwright.exe
    ╔═════════════════════════════════════════════════════════════════════════╗
    ║ Looks like Playwright Test or Playwright was just installed or updated. ║
    ║ Please run the following command to download new browsers:              ║
    ║                                                                         ║
    ║     npx playwright install                                              ║
    ║                                                                         ║
    ║ <3 Playwright Team                                                      ║
    ╚═════════════════════════════════════════════════════════════════════════╝

    Retry #1 ───────────────────────────────────────────────────────────────────────────────────────

    Error: browserType.launch: Executable doesn't exist at C:\Users\kensa\AppData\Local\ms-playwright\webkit-2123\Playwright.exe
    ╔═════════════════════════════════════════════════════════════════════════╗
    ║ Looks like Playwright Test or Playwright was just installed or updated. ║
    ║ Please run the following command to download new browsers:              ║
    ║                                                                         ║
    ║     npx playwright install                                              ║
    ║                                                                         ║
    ║ <3 Playwright Team                                                      ║
    ╚═════════════════════════════════════════════════════════════════════════╝

    attachment #1: trace (application/zip) ─────────────────────────────────────────────────────────
    test-results\dashboard-ダッシュボードE2Eテスト-ログフィルタリング機能のテスト-webkit-retry1\trace.zip
    Usage:

        npx playwright show-trace test-results\dashboard-ダッシュボードE2Eテスト-ログフィルタリング機能のテスト-webkit-retry1\trace.zip

    ────────────────────────────────────────────────────────────────────────────────────────────────

    Retry #2 ───────────────────────────────────────────────────────────────────────────────────────

    Error: browserType.launch: Executable doesn't exist at C:\Users\kensa\AppData\Local\ms-playwright\webkit-2123\Playwright.exe
    ╔═════════════════════════════════════════════════════════════════════════╗
    ║ Looks like Playwright Test or Playwright was just installed or updated. ║
    ║ Please run the following command to download new browsers:              ║
    ║                                                                         ║
    ║     npx playwright install                                              ║
    ║                                                                         ║
    ║ <3 Playwright Team                                                      ║
    ╚═════════════════════════════════════════════════════════════════════════╝
]]>
</failure>
<system-out>
<![CDATA[
[[ATTACHMENT|dashboard-ダッシュボードE2Eテスト-ログフィルタリング機能のテスト-webkit-retry1\trace.zip]]
]]>
</system-out>
</testcase>
<testcase name="ダッシュボードE2Eテスト › システム管理機能のテスト" classname="dashboard.spec.ts" time="0.034">
<failure message="dashboard.spec.ts:76:7 システム管理機能のテスト" type="FAILURE">
<![CDATA[  [webkit] › dashboard.spec.ts:76:7 › ダッシュボードE2Eテスト › システム管理機能のテスト ─────────────────────────────────

    Error: browserType.launch: Executable doesn't exist at C:\Users\kensa\AppData\Local\ms-playwright\webkit-2123\Playwright.exe
    ╔═════════════════════════════════════════════════════════════════════════╗
    ║ Looks like Playwright Test or Playwright was just installed or updated. ║
    ║ Please run the following command to download new browsers:              ║
    ║                                                                         ║
    ║     npx playwright install                                              ║
    ║                                                                         ║
    ║ <3 Playwright Team                                                      ║
    ╚═════════════════════════════════════════════════════════════════════════╝

    Retry #1 ───────────────────────────────────────────────────────────────────────────────────────

    Error: browserType.launch: Executable doesn't exist at C:\Users\kensa\AppData\Local\ms-playwright\webkit-2123\Playwright.exe
    ╔═════════════════════════════════════════════════════════════════════════╗
    ║ Looks like Playwright Test or Playwright was just installed or updated. ║
    ║ Please run the following command to download new browsers:              ║
    ║                                                                         ║
    ║     npx playwright install                                              ║
    ║                                                                         ║
    ║ <3 Playwright Team                                                      ║
    ╚═════════════════════════════════════════════════════════════════════════╝

    attachment #1: trace (application/zip) ─────────────────────────────────────────────────────────
    test-results\dashboard-ダッシュボードE2Eテスト-システム管理機能のテスト-webkit-retry1\trace.zip
    Usage:

        npx playwright show-trace test-results\dashboard-ダッシュボードE2Eテスト-システム管理機能のテスト-webkit-retry1\trace.zip

    ────────────────────────────────────────────────────────────────────────────────────────────────

    Retry #2 ───────────────────────────────────────────────────────────────────────────────────────

    Error: browserType.launch: Executable doesn't exist at C:\Users\kensa\AppData\Local\ms-playwright\webkit-2123\Playwright.exe
    ╔═════════════════════════════════════════════════════════════════════════╗
    ║ Looks like Playwright Test or Playwright was just installed or updated. ║
    ║ Please run the following command to download new browsers:              ║
    ║                                                                         ║
    ║     npx playwright install                                              ║
    ║                                                                         ║
    ║ <3 Playwright Team                                                      ║
    ╚═════════════════════════════════════════════════════════════════════════╝
]]>
</failure>
<system-out>
<![CDATA[
[[ATTACHMENT|dashboard-ダッシュボードE2Eテスト-システム管理機能のテスト-webkit-retry1\trace.zip]]
]]>
</system-out>
</testcase>
<testcase name="ダッシュボードE2Eテスト › パフォーマンス指標の確認" classname="dashboard.spec.ts" time="0.04">
<failure message="dashboard.spec.ts:96:7 パフォーマンス指標の確認" type="FAILURE">
<![CDATA[  [webkit] › dashboard.spec.ts:96:7 › ダッシュボードE2Eテスト › パフォーマンス指標の確認 ─────────────────────────────────

    Error: browserType.launch: Executable doesn't exist at C:\Users\kensa\AppData\Local\ms-playwright\webkit-2123\Playwright.exe
    ╔═════════════════════════════════════════════════════════════════════════╗
    ║ Looks like Playwright Test or Playwright was just installed or updated. ║
    ║ Please run the following command to download new browsers:              ║
    ║                                                                         ║
    ║     npx playwright install                                              ║
    ║                                                                         ║
    ║ <3 Playwright Team                                                      ║
    ╚═════════════════════════════════════════════════════════════════════════╝

    Retry #1 ───────────────────────────────────────────────────────────────────────────────────────

    Error: browserType.launch: Executable doesn't exist at C:\Users\kensa\AppData\Local\ms-playwright\webkit-2123\Playwright.exe
    ╔═════════════════════════════════════════════════════════════════════════╗
    ║ Looks like Playwright Test or Playwright was just installed or updated. ║
    ║ Please run the following command to download new browsers:              ║
    ║                                                                         ║
    ║     npx playwright install                                              ║
    ║                                                                         ║
    ║ <3 Playwright Team                                                      ║
    ╚═════════════════════════════════════════════════════════════════════════╝

    attachment #1: trace (application/zip) ─────────────────────────────────────────────────────────
    test-results\dashboard-ダッシュボードE2Eテスト-パフォーマンス指標の確認-webkit-retry1\trace.zip
    Usage:

        npx playwright show-trace test-results\dashboard-ダッシュボードE2Eテスト-パフォーマンス指標の確認-webkit-retry1\trace.zip

    ────────────────────────────────────────────────────────────────────────────────────────────────

    Retry #2 ───────────────────────────────────────────────────────────────────────────────────────

    Error: browserType.launch: Executable doesn't exist at C:\Users\kensa\AppData\Local\ms-playwright\webkit-2123\Playwright.exe
    ╔═════════════════════════════════════════════════════════════════════════╗
    ║ Looks like Playwright Test or Playwright was just installed or updated. ║
    ║ Please run the following command to download new browsers:              ║
    ║                                                                         ║
    ║     npx playwright install                                              ║
    ║                                                                         ║
    ║ <3 Playwright Team                                                      ║
    ╚═════════════════════════════════════════════════════════════════════════╝
]]>
</failure>
<system-out>
<![CDATA[
[[ATTACHMENT|dashboard-ダッシュボードE2Eテスト-パフォーマンス指標の確認-webkit-retry1\trace.zip]]
]]>
</system-out>
</testcase>
<testcase name="ダッシュボードE2Eテスト › レスポンシブデザインのテスト" classname="dashboard.spec.ts" time="0.04">
<failure message="dashboard.spec.ts:116:7 レスポンシブデザインのテスト" type="FAILURE">
<![CDATA[  [webkit] › dashboard.spec.ts:116:7 › ダッシュボードE2Eテスト › レスポンシブデザインのテスト ──────────────────────────────

    Error: browserType.launch: Executable doesn't exist at C:\Users\kensa\AppData\Local\ms-playwright\webkit-2123\Playwright.exe
    ╔═════════════════════════════════════════════════════════════════════════╗
    ║ Looks like Playwright Test or Playwright was just installed or updated. ║
    ║ Please run the following command to download new browsers:              ║
    ║                                                                         ║
    ║     npx playwright install                                              ║
    ║                                                                         ║
    ║ <3 Playwright Team                                                      ║
    ╚═════════════════════════════════════════════════════════════════════════╝

    Retry #1 ───────────────────────────────────────────────────────────────────────────────────────

    Error: browserType.launch: Executable doesn't exist at C:\Users\kensa\AppData\Local\ms-playwright\webkit-2123\Playwright.exe
    ╔═════════════════════════════════════════════════════════════════════════╗
    ║ Looks like Playwright Test or Playwright was just installed or updated. ║
    ║ Please run the following command to download new browsers:              ║
    ║                                                                         ║
    ║     npx playwright install                                              ║
    ║                                                                         ║
    ║ <3 Playwright Team                                                      ║
    ╚═════════════════════════════════════════════════════════════════════════╝

    attachment #1: trace (application/zip) ─────────────────────────────────────────────────────────
    test-results\dashboard-ダッシュボードE2Eテスト-レスポンシブデザインのテスト-webkit-retry1\trace.zip
    Usage:

        npx playwright show-trace test-results\dashboard-ダッシュボードE2Eテスト-レスポンシブデザインのテスト-webkit-retry1\trace.zip

    ────────────────────────────────────────────────────────────────────────────────────────────────

    Retry #2 ───────────────────────────────────────────────────────────────────────────────────────

    Error: browserType.launch: Executable doesn't exist at C:\Users\kensa\AppData\Local\ms-playwright\webkit-2123\Playwright.exe
    ╔═════════════════════════════════════════════════════════════════════════╗
    ║ Looks like Playwright Test or Playwright was just installed or updated. ║
    ║ Please run the following command to download new browsers:              ║
    ║                                                                         ║
    ║     npx playwright install                                              ║
    ║                                                                         ║
    ║ <3 Playwright Team                                                      ║
    ╚═════════════════════════════════════════════════════════════════════════╝
]]>
</failure>
<system-out>
<![CDATA[
[[ATTACHMENT|dashboard-ダッシュボードE2Eテスト-レスポンシブデザインのテスト-webkit-retry1\trace.zip]]
]]>
</system-out>
</testcase>
</testsuite>
</testsuites>